  % Total    % Received % Xferd  Average Speed   Time    Time     Time  Current
                                 Dload  Upload   Total   Spent    Left  Speed
  0     0    0     0    0     0      0      0 --:--:-- --:--:-- --:--:--     0*   Trying 18.144.8.184:80...
* Connected to ec2-18-144-8-184.us-west-1.compute.amazonaws.com (18.144.8.184) port 80 (#0)
> GET /static/js/bundle.js HTTP/1.1
> Host: ec2-18-144-8-184.us-west-1.compute.amazonaws.com
> User-Agent: curl/7.79.1
> Accept: */*
> Cookie: login=eyJ1c2VybmFtZSI6ImF3ZGVvcmlvIn0.Y0hSPA.urIADZJfG30CCto6gK6L2_JpaV4
> 
* Mark bundle as not supporting multiuse
< HTTP/1.1 200 OK
< Server: nginx/1.18.0 (Ubuntu)
< Date: Thu, 13 Oct 2022 18:03:05 GMT
< Content-Type: text/javascript; charset=utf-8
< Content-Length: 1145034
< Connection: keep-alive
< Content-Disposition: inline; filename=bundle.js
< Last-Modified: Thu, 13 Oct 2022 17:52:18 GMT
< Cache-Control: no-cache
< 
{ [2594 bytes data]
100 1118k  100 1118k    0     0  1899k      0 --:--:-- --:--:-- --:--:-- 1918k
* Connection #0 to host ec2-18-144-8-184.us-west-1.compute.amazonaws.com left intact
